<?xml version="1.0" encoding="UTF-8"?>
<!-- Generated by org.testng.reporters.JUnitReportReporter -->
<testsuite hostname="DESKTOP-IHGBQR2" failures="0" tests="1" name="qa.testcases.Logout_TC" time="22.930" errors="0" timestamp="2023-08-06T16:32:50 IST" skipped="0">
  <testcase classname="qa.testcases.Logout_TC" name="LogOut" time="22.930"/>
</testsuite> <!-- qa.testcases.Logout_TC -->
