<?xml version="1.0" encoding="UTF-8"?>
<!-- Generated by org.testng.reporters.JUnitReportReporter -->
<testsuite hostname="DESKTOP-IHGBQR2" failures="0" tests="3" name="qa.testcases.Membership_TC" time="71.828" errors="0" timestamp="2023-08-06T16:32:50 IST" skipped="0">
  <testcase classname="qa.testcases.Membership_TC" name="academic_membership_links_check" time="23.973"/>
  <testcase classname="qa.testcases.Membership_TC" name="corporate_membership_linls_check" time="20.879"/>
  <testcase classname="qa.testcases.Membership_TC" name="partnership_membership_linls_check" time="26.976"/>
</testsuite> <!-- qa.testcases.Membership_TC -->
