<?xml version="1.0" encoding="UTF-8"?>
<!-- Generated by org.testng.reporters.JUnitReportReporter -->
<testsuite hostname="DESKTOP-IHGBQR2" failures="0" tests="5" name="qa.testcases.Courses_TC" time="108.014" errors="0" timestamp="2023-08-06T16:32:50 IST" skipped="0">
  <testcase classname="qa.testcases.Courses_TC" name="course_link" time="21.821"/>
  <testcase classname="qa.testcases.Courses_TC" name="newcourse_button_check" time="21.500"/>
  <testcase classname="qa.testcases.Courses_TC" name="view_course_link" time="21.193"/>
  <testcase classname="qa.testcases.Courses_TC" name="edit_course_link" time="22.744"/>
  <testcase classname="qa.testcases.Courses_TC" name="delete_course_details" time="20.756"/>
</testsuite> <!-- qa.testcases.Courses_TC -->
