<?xml version="1.0" encoding="UTF-8"?>
<!-- Generated by org.testng.reporters.JUnitReportReporter -->
<testsuite hostname="DESKTOP-IHGBQR2" failures="0" tests="6" name="qa.testcases.Landing_TC" time="102.620" errors="0" timestamp="2023-08-06T16:32:50 IST" skipped="0">
  <testcase classname="qa.testcases.Landing_TC" name="Home" time="20.230"/>
  <testcase classname="qa.testcases.Landing_TC" name="About_us" time="17.444"/>
  <testcase classname="qa.testcases.Landing_TC" name="Courses" time="16.779"/>
  <testcase classname="qa.testcases.Landing_TC" name="Memberships" time="16.916"/>
  <testcase classname="qa.testcases.Landing_TC" name="Events" time="15.493"/>
  <testcase classname="qa.testcases.Landing_TC" name="Contact_Us" time="15.758"/>
</testsuite> <!-- qa.testcases.Landing_TC -->
